<?xml version="1.0" encoding="UTF-8"?>
<!-- Generated by org.testng.reporters.JUnitReportReporter -->
<testsuite hostname="LAPTOP-8SH76CLT" failures="0" tests="1" name="com.tmb.tests.LoginPageTest" time="5.715" errors="0" timestamp="2022-12-27T21:26:45 IST" skipped="0">
  <testcase classname="com.tmb.tests.LoginPageTest" name="test1" time="5.715"/>
  <system-out/>
</testsuite> <!-- com.tmb.tests.LoginPageTest -->
