<?xml version="1.0" encoding="UTF-8"?>
<!-- Generated by org.testng.reporters.JUnitReportReporter -->
<testsuite hostname="LAPTOP-8SH76CLT" failures="0" tests="1" name="com.tmb.tests.LoginPageTest" time="5.976" errors="0" timestamp="2022-12-28T19:59:01 IST" skipped="0">
  <testcase classname="com.tmb.tests.LoginPageTest" name="Login" time="5.976"/>
  <system-out/>
</testsuite> <!-- com.tmb.tests.LoginPageTest -->
