<?xml version="1.0" encoding="UTF-8"?>
<!-- Generated by org.testng.reporters.JUnitReportReporter -->
<testsuite hostname="LAPTOP-8SH76CLT" failures="0" tests="1" name="com.tmb.tests.LoginPageTest" time="10.113" errors="0" timestamp="2022-12-30T19:58:36 IST" skipped="0">
  <testcase classname="com.tmb.tests.LoginPageTest" name="LoginLogOutTest" time="10.113"/>
  <system-out/>
</testsuite> <!-- com.tmb.tests.LoginPageTest -->
