<?xml version="1.0" encoding="UTF-8"?>
<!-- Generated by org.testng.reporters.JUnitReportReporter -->
<testsuite hostname="LAPTOP-8SH76CLT" failures="0" tests="1" name="com.tmb.tests.LoginPageTest" time="9.229" errors="0" timestamp="2022-12-29T20:03:54 IST" skipped="0">
  <testcase classname="com.tmb.tests.LoginPageTest" name="LoginLogOutTest" time="9.229"/>
  <system-out/>
</testsuite> <!-- com.tmb.tests.LoginPageTest -->
