<?xml version="1.0" encoding="UTF-8"?>
<!-- Generated by org.testng.reporters.JUnitReportReporter -->
<testsuite hostname="LAPTOP-8SH76CLT" failures="0" tests="2" name="com.tmb.tests.LoginPageTest" time="17.848" errors="0" timestamp="2023-01-09T12:52:02 IST" skipped="0">
  <testcase classname="com.tmb.tests.LoginPageTest" name="LoginLogOutTest" time="9.684"/>
  <system-out/>
  <testcase classname="com.tmb.tests.LoginPageTest" name="LoginLogOutTest" time="8.164"/>
  <system-out/>
</testsuite> <!-- com.tmb.tests.LoginPageTest -->
