<?xml version="1.0" encoding="UTF-8"?>
<!-- Generated by org.testng.reporters.JUnitReportReporter -->
<testsuite hostname="LAPTOP-8SH76CLT" failures="0" tests="2" name="com.tmb.tests.LoginPageTest" time="13.114" errors="0" timestamp="2023-01-08T22:08:29 IST" skipped="0">
  <testcase classname="com.tmb.tests.LoginPageTest" name="LoginLogOutTest" time="6.456"/>
  <system-out/>
  <testcase classname="com.tmb.tests.LoginPageTest" name="LoginLogOutTest" time="6.658"/>
  <system-out/>
</testsuite> <!-- com.tmb.tests.LoginPageTest -->
