<?xml version="1.0" encoding="UTF-8"?>
<!-- Generated by org.testng.reporters.JUnitReportReporter -->
<testsuite hostname="LAPTOP-8SH76CLT" failures="0" tests="1" name="com.tmb.tests.LoginPageTest" time="8.291" errors="0" timestamp="2023-01-15T21:49:54 IST" skipped="0">
  <testcase classname="com.tmb.tests.LoginPageTest" name="LoginLogOutTest" time="8.291"/>
  <system-out/>
</testsuite> <!-- com.tmb.tests.LoginPageTest -->
