<?xml version="1.0" encoding="UTF-8"?>
<!-- Generated by org.testng.reporters.JUnitReportReporter -->
<testsuite hostname="LAPTOP-8SH76CLT" failures="0" tests="1" name="com.tmb.tests.LoginPageTest" time="7.501" errors="0" timestamp="2023-01-05T18:07:33 IST" skipped="0">
  <testcase classname="com.tmb.tests.LoginPageTest" name="LoginLogOutTest" time="7.501"/>
  <system-out/>
</testsuite> <!-- com.tmb.tests.LoginPageTest -->
